0 info it worked if it ends with ok
1 verbose cli [ '/usr/local/Cellar/node/7.5.0/bin/node',
1 verbose cli   '/usr/local/bin/npm',
1 verbose cli   'run',
1 verbose cli   'build' ]
2 info using npm@4.1.2
3 info using node@v7.5.0
4 verbose run-script [ 'prebuild', 'build', 'postbuild' ]
5 info lifecycle poker-elm@1.0.0~prebuild: poker-elm@1.0.0
6 silly lifecycle poker-elm@1.0.0~prebuild: no script for prebuild, continuing
7 info lifecycle poker-elm@1.0.0~build: poker-elm@1.0.0
8 verbose lifecycle poker-elm@1.0.0~build: unsafe-perm in lifecycle true
9 verbose lifecycle poker-elm@1.0.0~build: PATH: /usr/local/lib/node_modules/npm/bin/node-gyp-bin:/Users/robstallion/Code/learning/elm/poker-elm/node_modules/.bin:/Library/Frameworks/Python.framework/Versions/3.6/bin:/usr/local/bin:/usr/bin:/bin:/usr/sbin:/sbin
10 verbose lifecycle poker-elm@1.0.0~build: CWD: /Users/robstallion/Code/learning/elm/poker-elm
11 silly lifecycle poker-elm@1.0.0~build: Args: [ '-c', 'npm run elm-build' ]
12 silly lifecycle poker-elm@1.0.0~build: Returned: code: 1  signal: null
13 info lifecycle poker-elm@1.0.0~build: Failed to exec build script
14 verbose stack Error: poker-elm@1.0.0 build: `npm run elm-build`
14 verbose stack Exit status 1
14 verbose stack     at EventEmitter.<anonymous> (/usr/local/lib/node_modules/npm/lib/utils/lifecycle.js:279:16)
14 verbose stack     at emitTwo (events.js:106:13)
14 verbose stack     at EventEmitter.emit (events.js:192:7)
14 verbose stack     at ChildProcess.<anonymous> (/usr/local/lib/node_modules/npm/lib/utils/spawn.js:40:14)
14 verbose stack     at emitTwo (events.js:106:13)
14 verbose stack     at ChildProcess.emit (events.js:192:7)
14 verbose stack     at maybeClose (internal/child_process.js:890:16)
14 verbose stack     at Process.ChildProcess._handle.onexit (internal/child_process.js:226:5)
15 verbose pkgid poker-elm@1.0.0
16 verbose cwd /Users/robstallion/Code/learning/elm/poker-elm
17 error Darwin 17.4.0
18 error argv "/usr/local/Cellar/node/7.5.0/bin/node" "/usr/local/bin/npm" "run" "build"
19 error node v7.5.0
20 error npm  v4.1.2
21 error code ELIFECYCLE
22 error poker-elm@1.0.0 build: `npm run elm-build`
22 error Exit status 1
23 error Failed at the poker-elm@1.0.0 build script 'npm run elm-build'.
23 error Make sure you have the latest version of node.js and npm installed.
23 error If you do, this is most likely a problem with the poker-elm package,
23 error not with npm itself.
23 error Tell the author that this fails on your system:
23 error     npm run elm-build
23 error You can get information on how to open an issue for this project with:
23 error     npm bugs poker-elm
23 error Or if that isn't available, you can get their info via:
23 error     npm owner ls poker-elm
23 error There is likely additional logging output above.
24 verbose exit [ 1, true ]
